<?xml version="1.0" encoding="UTF-8"?>
<testng-results ignored="0" total="2" passed="2" failed="0" skipped="0">
  <reporter-output>
  </reporter-output>
  <suite started-at="2021-10-13T05:26:34Z" name="Suite" finished-at="2021-10-13T05:26:34Z" duration-ms="50">
    <groups>
    </groups>
    <test started-at="2021-10-13T05:26:34Z" name="Test" finished-at="2021-10-13T05:26:34Z" duration-ms="50">
      <class name="appTests.AppTest">
        <test-method signature="loginTest1()[pri:0, instance:appTests.AppTest@30c8681]" started-at="2021-10-13T05:26:34Z" name="loginTest1" description="Login with valid Details" finished-at="2021-10-13T05:26:34Z" duration-ms="16" status="PASS">
          <reporter-output>
          </reporter-output>
        </test-method> <!-- loginTest1 -->
        <test-method signature="loginTest2()[pri:0, instance:appTests.AppTest@30c8681]" started-at="2021-10-13T05:26:34Z" name="loginTest2" description="Login with Invalid Details" finished-at="2021-10-13T05:26:34Z" duration-ms="2" status="PASS">
          <reporter-output>
          </reporter-output>
        </test-method> <!-- loginTest2 -->
      </class> <!-- appTests.AppTest -->
    </test> <!-- Test -->
  </suite> <!-- Suite -->
</testng-results>
